<?xml version="1.0" encoding="UTF-8"?>
<!-- Generated by org.testng.reporters.JUnitXMLReporter -->
<testsuite ignored="0" hostname="LAPTOP-RLDCMF74" failures="0" tests="6" name="Test" time="0.117" errors="0" timestamp="2023-07-10T19:25:02 IST">
  <testcase classname="test.Test1" name="A1" time="0.015"/>
  <testcase classname="test.Test1" name="A2" time="0.003"/>
  <testcase classname="test.Test1" name="A3" time="0.002"/>
  <testcase classname="test.Test2" name="A4" time="0.004"/>
  <testcase classname="test.Test2" name="A5" time="0.002"/>
  <testcase classname="test.Test2" name="A6" time="0.003"/>
</testsuite> <!-- Test -->
