<?xml version="1.0" encoding="UTF-8"?>
<!-- Generated by org.testng.reporters.JUnitXMLReporter -->
<testsuite ignored="0" hostname="LAPTOP-RLDCMF74" failures="0" tests="3" name="Test" time="18.18" errors="0" timestamp="2023-08-14T21:38:16 IST">
  <testcase classname="test.one_OpenGoogleTest" name="launchone" time="7.737"/>
  <testcase classname="test.three_OpenGoogleTest" name="launchtwo" time="6.584"/>
  <testcase classname="test.two_OpenGoogleTest" name="launchthree" time="3.784"/>
</testsuite> <!-- Test -->
