<?xml version="1.0" encoding="UTF-8"?>
<!-- Generated by org.testng.reporters.JUnitXMLReporter -->
<testsuite ignored="0" hostname="LAPTOP-RLDCMF74" failures="0" tests="3" name="Test" time="14.358" errors="0" timestamp="2023-08-15T01:14:26 IST">
  <testcase classname="test.one_OpenGoogleTest" name="launchone" time="6.473"/>
  <testcase classname="test.three_OpenGoogleTest" name="launchtwo" time="3.619"/>
  <testcase classname="test.two_OpenGoogleTest" name="launchthree" time="4.218"/>
</testsuite> <!-- Test -->
