<?xml version="1.0" encoding="UTF-8"?>
<testng-results ignored="0" total="2" passed="2" failed="0" skipped="0">
  <reporter-output>
  </reporter-output>
  <suite started-at="2023-08-15T01:51:24 IST" name="Suite" finished-at="2023-08-15T01:51:38 IST" duration-ms="13817">
    <groups>
    </groups>
    <test started-at="2023-08-15T01:51:24 IST" name="Test" finished-at="2023-08-15T01:51:38 IST" duration-ms="13817">
      <class name="test.two_OpenGoogleTest">
        <test-method signature="launchthree()[pri:0, instance:test.two_OpenGoogleTest@76908cc0]" started-at="2023-08-15T01:51:33 IST" name="launchthree" finished-at="2023-08-15T01:51:38 IST" duration-ms="5175" status="PASS">
          <reporter-output>
          </reporter-output>
        </test-method> <!-- launchthree -->
      </class> <!-- test.two_OpenGoogleTest -->
      <class name="test.one_OpenGoogleTest">
        <test-method signature="launchone()[pri:0, instance:test.one_OpenGoogleTest@47d90b9e]" started-at="2023-08-15T01:51:24 IST" name="launchone" finished-at="2023-08-15T01:51:33 IST" duration-ms="8571" status="PASS">
          <reporter-output>
          </reporter-output>
        </test-method> <!-- launchone -->
      </class> <!-- test.one_OpenGoogleTest -->
    </test> <!-- Test -->
  </suite> <!-- Suite -->
</testng-results>
