<?xml version="1.0" encoding="UTF-8"?>
<testng-results ignored="0" total="3" passed="3" failed="0" skipped="0">
  <reporter-output>
  </reporter-output>
  <suite started-at="2023-08-14T21:37:58 IST" name="Smoke" finished-at="2023-08-14T21:38:16 IST" duration-ms="18180">
    <groups>
    </groups>
    <test started-at="2023-08-14T21:37:58 IST" name="Test" finished-at="2023-08-14T21:38:16 IST" duration-ms="18180">
      <class name="test.two_OpenGoogleTest">
        <test-method signature="launchthree()[pri:0, instance:test.two_OpenGoogleTest@49b0b76]" started-at="2023-08-14T21:38:12 IST" name="launchthree" finished-at="2023-08-14T21:38:16 IST" duration-ms="3784" status="PASS">
          <reporter-output>
          </reporter-output>
        </test-method> <!-- launchthree -->
      </class> <!-- test.two_OpenGoogleTest -->
      <class name="test.one_OpenGoogleTest">
        <test-method signature="launchone()[pri:0, instance:test.one_OpenGoogleTest@3aefe5e5]" started-at="2023-08-14T21:37:58 IST" name="launchone" finished-at="2023-08-14T21:38:06 IST" duration-ms="7737" status="PASS">
          <reporter-output>
          </reporter-output>
        </test-method> <!-- launchone -->
      </class> <!-- test.one_OpenGoogleTest -->
      <class name="test.three_OpenGoogleTest">
        <test-method signature="launchtwo()[pri:0, instance:test.three_OpenGoogleTest@35047d03]" started-at="2023-08-14T21:38:06 IST" name="launchtwo" finished-at="2023-08-14T21:38:12 IST" duration-ms="6584" status="PASS">
          <reporter-output>
          </reporter-output>
        </test-method> <!-- launchtwo -->
      </class> <!-- test.three_OpenGoogleTest -->
    </test> <!-- Test -->
  </suite> <!-- Smoke -->
</testng-results>
