<?xml version="1.0" encoding="UTF-8"?>
<testng-results ignored="0" total="1" passed="1" failed="0" skipped="0">
  <reporter-output>
  </reporter-output>
  <suite started-at="2023-08-13T01:12:06 IST" name="Default suite" finished-at="2023-08-13T01:12:14 IST" duration-ms="7549">
    <groups>
    </groups>
    <test started-at="2023-08-13T01:12:06 IST" name="Default test" finished-at="2023-08-13T01:12:14 IST" duration-ms="7549">
      <class name="test.two_OpenGoogleTest">
        <test-method signature="launchthree()[pri:0, instance:test.two_OpenGoogleTest@4550bb58]" started-at="2023-08-13T01:12:06 IST" name="launchthree" finished-at="2023-08-13T01:12:14 IST" duration-ms="7455" status="PASS">
          <reporter-output>
          </reporter-output>
        </test-method> <!-- launchthree -->
      </class> <!-- test.two_OpenGoogleTest -->
    </test> <!-- Default test -->
  </suite> <!-- Default suite -->
</testng-results>
